======================================
=== BEGIN SIMULATOR INITIALIZATION ===
======================================
Initialized Registers
Initialized Memory

----------------------
--- Section: .text ---
----------------------
memory[0] = 0x00128293
memory[1] = 0x00100013

----------------------
--- Section: .data ---
----------------------
memory[256] = 0x000010ce
memory[257] = 0x0000151a
memory[258] = 0x000007e7
====================================
=== END SIMULATOR INITIALIZATION ===
====================================

Simulating...

Finished simulation!

TOTAL INSTRUCTIONS COMMITTED: 2
TOTAL CYCLES SIMULATED: 6
AVERAGE CPI: 3.000

---------------------
--- Register Dump ---
---------------------
Index   Name     Value             Index   Name     Value             Index   Name     Value             Index   Name     Value     
-----   ----     -----             -----   ----     -----             -----   ----     -----             -----   ----     -----     
x0      zero     0x00000001        x8      s0       0x00000000        x16     a6       0x00000000        x24     s8       0x00000000
x1      ra       0x00000000        x9      s1       0x00000000        x17     a7       0x00000000        x25     s9       0x00000000
x2      sp       0x00000000        x10     a0       0x00000000        x18     s2       0x00000000        x26     s10      0x00000000
x3      gp       0x00000000        x11     a1       0x00000000        x19     s3       0x00000000        x27     s11      0x00000000
x4      tp       0x00000000        x12     a2       0x00000000        x20     s4       0x00000000        x28     t3       0x00000000
x5      t0       0x00000001        x13     a3       0x00000000        x21     s5       0x00000000        x29     t4       0x00000000
x6      t1       0x00000000        x14     a4       0x00000000        x22     s6       0x00000000        x30     t5       0x00000000
x7      t2       0x00000000        x15     a5       0x00000000        x23     s7       0x00000000        x31     t6       0x00000000
N/A     pc       0x00000018

----------------------------
--- Updated Memory Dump ---
----------------------------
Memory[256] = 0x000010CE
Memory[257] = 0x0000151A
Memory[258] = 0x000007E7
